<?xml version="1.0" encoding="UTF-8"?>
<testsuite name="Task4Test" tests="1" skipped="0" failures="1" errors="0" timestamp="2022-10-03T23:21:06" hostname="DESKTOP-R2R5T9N" time="0.95">
  <properties/>
  <testcase name="start" classname="Task4Test" time="0.95">
    <failure message="java.lang.AssertionError: Wrong answer in test #3&#10;&#10;Your line &quot;Enter what you want to convert (or exit): Conversion from ??? to foot is impossible&quot;&#10;doesn't match with &quot;Enter what you want to convert (or exit): Conversion from ??? to feet is impossible&quot;&#10;in parts &quot;foot&quot; and &quot;feet&quot;.&#10;&#10;Please find below the output of your program during this failed test.&#10;Note that the '&gt;' character indicates the beginning of the input line.&#10;&#10;---&#10;&#10;Enter what you want to convert (or exit): &gt; 1 kn to feet&#10;Conversion from ??? to foot is impossible&#10;Enter what you want to convert (or exit): &gt; 3 grams to meters&#10;Conversion from gram to meter is impossible&#10;Enter what you want to convert (or exit): &gt; exit" type="java.lang.AssertionError">java.lang.AssertionError: Wrong answer in test #3

Your line &quot;Enter what you want to convert (or exit): Conversion from ??? to foot is impossible&quot;
doesn't match with &quot;Enter what you want to convert (or exit): Conversion from ??? to feet is impossible&quot;
in parts &quot;foot&quot; and &quot;feet&quot;.

Please find below the output of your program during this failed test.
Note that the '&gt;' character indicates the beginning of the input line.

---

Enter what you want to convert (or exit): &gt; 1 kn to feet
Conversion from ??? to foot is impossible
Enter what you want to convert (or exit): &gt; 3 grams to meters
Conversion from gram to meter is impossible
Enter what you want to convert (or exit): &gt; exit
	at org.junit.Assert.fail(Assert.java:89)
	at org.hyperskill.hstest.stage.StageTest.start(StageTest.java:203)
	at java.base/jdk.internal.reflect.NativeMethodAccessorImpl.invoke0(Native Method)
	at java.base/jdk.internal.reflect.NativeMethodAccessorImpl.invoke(NativeMethodAccessorImpl.java:77)
	at java.base/jdk.internal.reflect.DelegatingMethodAccessorImpl.invoke(DelegatingMethodAccessorImpl.java:43)
	at java.base/java.lang.reflect.Method.invoke(Method.java:568)
	at org.junit.runners.model.FrameworkMethod$1.runReflectiveCall(FrameworkMethod.java:59)
	at org.junit.internal.runners.model.ReflectiveCallable.run(ReflectiveCallable.java:12)
	at org.junit.runners.model.FrameworkMethod.invokeExplosively(FrameworkMethod.java:56)
	at org.junit.internal.runners.statements.InvokeMethod.evaluate(InvokeMethod.java:17)
	at org.junit.runners.ParentRunner$3.evaluate(ParentRunner.java:306)
	at org.junit.runners.BlockJUnit4ClassRunner$1.evaluate(BlockJUnit4ClassRunner.java:100)
	at org.junit.runners.ParentRunner.runLeaf(ParentRunner.java:366)
	at org.junit.runners.BlockJUnit4ClassRunner.runChild(BlockJUnit4ClassRunner.java:103)
	at org.junit.runners.BlockJUnit4ClassRunner.runChild(BlockJUnit4ClassRunner.java:63)
	at org.junit.runners.ParentRunner$4.run(ParentRunner.java:331)
	at org.junit.runners.ParentRunner$1.schedule(ParentRunner.java:79)
	at org.junit.runners.ParentRunner.runChildren(ParentRunner.java:329)
	at org.junit.runners.ParentRunner.access$100(ParentRunner.java:66)
	at org.junit.runners.ParentRunner$2.evaluate(ParentRunner.java:293)
	at org.junit.runners.ParentRunner$3.evaluate(ParentRunner.java:306)
	at org.junit.runners.ParentRunner.run(ParentRunner.java:413)
	at org.gradle.api.internal.tasks.testing.junit.JUnitTestClassExecutor.runTestClass(JUnitTestClassExecutor.java:110)
	at org.gradle.api.internal.tasks.testing.junit.JUnitTestClassExecutor.execute(JUnitTestClassExecutor.java:58)
	at org.gradle.api.internal.tasks.testing.junit.JUnitTestClassExecutor.execute(JUnitTestClassExecutor.java:38)
	at org.gradle.api.internal.tasks.testing.junit.AbstractJUnitTestClassProcessor.processTestClass(AbstractJUnitTestClassProcessor.java:62)
	at org.gradle.api.internal.tasks.testing.SuiteTestClassProcessor.processTestClass(SuiteTestClassProcessor.java:51)
	at java.base/jdk.internal.reflect.NativeMethodAccessorImpl.invoke0(Native Method)
	at java.base/jdk.internal.reflect.NativeMethodAccessorImpl.invoke(NativeMethodAccessorImpl.java:77)
	at java.base/jdk.internal.reflect.DelegatingMethodAccessorImpl.invoke(DelegatingMethodAccessorImpl.java:43)
	at java.base/java.lang.reflect.Method.invoke(Method.java:568)
	at org.gradle.internal.dispatch.ReflectionDispatch.dispatch(ReflectionDispatch.java:36)
	at org.gradle.internal.dispatch.ReflectionDispatch.dispatch(ReflectionDispatch.java:24)
	at org.gradle.internal.dispatch.ContextClassLoaderDispatch.dispatch(ContextClassLoaderDispatch.java:33)
	at org.gradle.internal.dispatch.ProxyDispatchAdapter$DispatchingInvocationHandler.invoke(ProxyDispatchAdapter.java:94)
	at jdk.proxy1/jdk.proxy1.$Proxy2.processTestClass(Unknown Source)
	at org.gradle.api.internal.tasks.testing.worker.TestWorker$2.run(TestWorker.java:176)
	at org.gradle.api.internal.tasks.testing.worker.TestWorker.executeAndMaintainThreadName(TestWorker.java:129)
	at org.gradle.api.internal.tasks.testing.worker.TestWorker.execute(TestWorker.java:100)
	at org.gradle.api.internal.tasks.testing.worker.TestWorker.execute(TestWorker.java:60)
	at org.gradle.process.internal.worker.child.ActionExecutionWorker.execute(ActionExecutionWorker.java:56)
	at org.gradle.process.internal.worker.child.SystemApplicationClassLoaderWorker.call(SystemApplicationClassLoaderWorker.java:133)
	at org.gradle.process.internal.worker.child.SystemApplicationClassLoaderWorker.call(SystemApplicationClassLoaderWorker.java:71)
	at worker.org.gradle.process.internal.worker.GradleWorkerMain.run(GradleWorkerMain.java:69)
	at worker.org.gradle.process.internal.worker.GradleWorkerMain.main(GradleWorkerMain.java:74)
</failure>
  </testcase>
  <system-out><![CDATA[?[1;31m
Start test 1?[0m
Enter what you want to convert (or exit): > 1 kg to ounces
1.0 kilogram is 35.27399072294044 ounces
Enter what you want to convert (or exit): > 2 meters in yards
2.0 meters is 2.1872265966754156 yards
Enter what you want to convert (or exit): > 1 pound in kg
1.0 pound is 0.453592 kilograms
Enter what you want to convert (or exit): > exit
?[1;31m
Start test 2?[0m
Enter what you want to convert (or exit): > 1 oz to g
1.0 ounce is 28.3495 grams
Enter what you want to convert (or exit): > 100 cm in meters
100.0 centimeters is 1.0 meter
Enter what you want to convert (or exit): > 23.34 feet to in
23.34 feet is 280.08 inches
Enter what you want to convert (or exit): > exit
?[1;31m
Start test 3?[0m
Enter what you want to convert (or exit): > 1 kn to feet
Conversion from ??? to foot is impossible
Enter what you want to convert (or exit): > 3 grams to meters
Conversion from gram to meter is impossible
Enter what you want to convert (or exit): > exit
]]></system-out>
  <system-err><![CDATA[]]></system-err>
</testsuite>
